0 info it worked if it ends with ok
1 verbose cli [ 'C:\\Program Files\\nodejs\\node.exe',
1 verbose cli   'C:\\Program Files\\nodejs\\node_modules\\npm\\bin\\npm-cli.js',
1 verbose cli   'i',
1 verbose cli   'webpcak-cli',
1 verbose cli   '--save-dev' ]
2 info using npm@3.10.9
3 info using node@v6.9.2
4 silly loadCurrentTree Starting
5 silly install loadCurrentTree
6 silly install readLocalPackageData
7 silly fetchPackageMetaData webpcak-cli
8 silly fetchNamedPackageData webpcak-cli
9 silly mapToRegistry name webpcak-cli
10 silly mapToRegistry using default registry
11 silly mapToRegistry registry https://registry.npmjs.org/
12 silly mapToRegistry data Result {
12 silly mapToRegistry   raw: 'webpcak-cli',
12 silly mapToRegistry   scope: null,
12 silly mapToRegistry   escapedName: 'webpcak-cli',
12 silly mapToRegistry   name: 'webpcak-cli',
12 silly mapToRegistry   rawSpec: '',
12 silly mapToRegistry   spec: 'latest',
12 silly mapToRegistry   type: 'tag' }
13 silly mapToRegistry uri https://registry.npmjs.org/webpcak-cli
14 verbose request uri https://registry.npmjs.org/webpcak-cli
15 verbose request no auth needed
16 info attempt registry request try #1 at 10:52:49 AM
17 verbose request id aadc10b7b4ed8e6a
18 http request GET https://registry.npmjs.org/webpcak-cli
19 http 200 https://registry.npmjs.org/webpcak-cli
20 verbose headers { date: 'Mon, 24 Jun 2019 05:22:51 GMT',
20 verbose headers   'content-type': 'application/json',
20 verbose headers   'transfer-encoding': 'chunked',
20 verbose headers   connection: 'keep-alive',
20 verbose headers   'set-cookie': [ '__cfduid=d9469dd0a76f1cd7a4ff6368e10d395df1561353770; expires=Tue, 23-Jun-20 05:22:50 GMT; path=/; domain=.npmjs.org; HttpOnly' ],
20 verbose headers   'cf-cache-status': 'MISS',
20 verbose headers   'cache-control': 'max-age=300',
20 verbose headers   'cf-ray': '4ebc44271f932dcb-BOM',
20 verbose headers   etag: 'W/"a7bd01437c1d0a17743e4b5c0c732cc0"',
20 verbose headers   'expect-ct': 'max-age=604800, report-uri="https://report-uri.cloudflare.com/cdn-cgi/beacon/expect-ct"',
20 verbose headers   'last-modified': 'Fri, 05 Apr 2019 16:51:13 GMT',
20 verbose headers   vary: 'accept-encoding, accept',
20 verbose headers   'x-amz-meta-rev': '2-db502ab6b0ddbc8ff0e4261df3e07357',
20 verbose headers   server: 'cloudflare',
20 verbose headers   'content-encoding': 'gzip' }
21 silly get cb [ 200,
21 silly get   { date: 'Mon, 24 Jun 2019 05:22:51 GMT',
21 silly get     'content-type': 'application/json',
21 silly get     'transfer-encoding': 'chunked',
21 silly get     connection: 'keep-alive',
21 silly get     'set-cookie': [ '__cfduid=d9469dd0a76f1cd7a4ff6368e10d395df1561353770; expires=Tue, 23-Jun-20 05:22:50 GMT; path=/; domain=.npmjs.org; HttpOnly' ],
21 silly get     'cf-cache-status': 'MISS',
21 silly get     'cache-control': 'max-age=300',
21 silly get     'cf-ray': '4ebc44271f932dcb-BOM',
21 silly get     etag: 'W/"a7bd01437c1d0a17743e4b5c0c732cc0"',
21 silly get     'expect-ct': 'max-age=604800, report-uri="https://report-uri.cloudflare.com/cdn-cgi/beacon/expect-ct"',
21 silly get     'last-modified': 'Fri, 05 Apr 2019 16:51:13 GMT',
21 silly get     vary: 'accept-encoding, accept',
21 silly get     'x-amz-meta-rev': '2-db502ab6b0ddbc8ff0e4261df3e07357',
21 silly get     server: 'cloudflare',
21 silly get     'content-encoding': 'gzip' } ]
22 verbose get saving webpcak-cli to C:\Users\satmishr0\AppData\Roaming\npm-cache\registry.npmjs.org\webpcak-cli\.cache.json
23 verbose correctMkdir C:\Users\satmishr0\AppData\Roaming\npm-cache correctMkdir not in flight; initializing
24 verbose stack TypeError: Cannot convert undefined or null to object
24 verbose stack     at pickVersionFromRegistryDocument (C:\Users\satmishr0\AppData\Roaming\nvm\v6.9.2\node_modules\npm\lib\fetch-package-metadata.js:125:29)
24 verbose stack     at C:\Users\satmishr0\AppData\Roaming\nvm\v6.9.2\node_modules\npm\node_modules\iferr\index.js:13:50
24 verbose stack     at C:\Users\satmishr0\AppData\Roaming\nvm\v6.9.2\node_modules\npm\lib\utils\pulse-till-done.js:20:8
24 verbose stack     at saved (C:\Users\satmishr0\AppData\Roaming\nvm\v6.9.2\node_modules\npm\lib\cache\caching-client.js:174:7)
24 verbose stack     at C:\Users\satmishr0\AppData\Roaming\nvm\v6.9.2\node_modules\npm\node_modules\graceful-fs\polyfills.js:241:18
24 verbose stack     at FSReqWrap.oncomplete (fs.js:123:15)
25 verbose cwd C:\wamp64\www\react\MyFirstReactGame
26 error Windows_NT 10.0.17134
27 error argv "C:\\Program Files\\nodejs\\node.exe" "C:\\Program Files\\nodejs\\node_modules\\npm\\bin\\npm-cli.js" "i" "webpcak-cli" "--save-dev"
28 error node v6.9.2
29 error npm  v3.10.9
30 error Cannot convert undefined or null to object
31 error If you need help, you may report this error at:
31 error     <https://github.com/npm/npm/issues>
32 verbose exit [ 1, true ]
